1714298531212	geckodriver	INFO	Listening on 127.0.0.1:58484
1714298534286	mozrunner::runner	INFO	Running command: "C:\\Program Files\\Mozilla Firefox\\firefox.exe" "--marionette" "--remote-debugging-port" "58485" "--remote-allow-hosts" "localhost" "-no-remote" "-profile" "C:\\Users\\etmom\\AppData\\Local\\Temp\\rust_mozprofilejB0el9"
console.warn: services.settings: Ignoring preference override of remote settings server
console.warn: services.settings: Allow by setting MOZ_REMOTE_SETTINGS_DEVTOOLS=1 in the environment
Dynamically enable window occlusion 0
1714298534811	Marionette	INFO	Marionette enabled
1714298534935	Marionette	INFO	Listening on port 58492
WebDriver BiDi listening on ws://127.0.0.1:58485
Read port: 58492
1714298535202	RemoteAgent	WARN	TLS certificate errors will be ignored for this session
DevTools listening on ws://127.0.0.1:58485/devtools/browser/45ea2ab4-70f3-451d-8c93-0f4786a149e9
console.warn: LoginRecipes: "Falling back to a synchronous message for: https://front.serverest.dev."
console.error: ({})
console.warn: LoginRecipes: "Falling back to a synchronous message for: https://front.serverest.dev."
console.warn: LoginRecipes: "Falling back to a synchronous message for: https://front.serverest.dev."
console.error: ({})
1714298565575	addons.xpi	ERROR	System addon update list error SyntaxError: XMLHttpRequest.open: 'http://%(server)s/dummy-system-addons.xml' is not a valid URL.
JavaScript error: , line 0: NotFoundError: No such JSWindowActor 'DevToolsFrame'
1714299544691	Marionette	INFO	Stopped listening on port 58492
Dynamically enable window occlusion 1
