1714298434394	geckodriver	INFO	Listening on 127.0.0.1:58391
1714298437471	mozrunner::runner	INFO	Running command: "C:\\Program Files\\Mozilla Firefox\\firefox.exe" "--marionette" "--remote-debugging-port" "58392" "--remote-allow-hosts" "localhost" "-no-remote" "-profile" "C:\\Users\\etmom\\AppData\\Local\\Temp\\rust_mozprofile6YIagR"
console.warn: services.settings: Ignoring preference override of remote settings server
console.warn: services.settings: Allow by setting MOZ_REMOTE_SETTINGS_DEVTOOLS=1 in the environment
Dynamically enable window occlusion 0
1714298438029	Marionette	INFO	Marionette enabled
1714298438148	Marionette	INFO	Listening on port 58399
WebDriver BiDi listening on ws://127.0.0.1:58392
Read port: 58399
1714298438369	RemoteAgent	WARN	TLS certificate errors will be ignored for this session
DevTools listening on ws://127.0.0.1:58392/devtools/browser/0390b1a4-47a2-4302-8914-167a535846fc
console.warn: LoginRecipes: "Falling back to a synchronous message for: https://front.serverest.dev."
console.error: ({})
console.warn: LoginRecipes: "Falling back to a synchronous message for: https://front.serverest.dev."
console.warn: LoginRecipes: "Falling back to a synchronous message for: https://front.serverest.dev."
1714298468036	Marionette	INFO	Stopped listening on port 58399
Dynamically enable window occlusion 1
1714298468135	addons.xpi	ERROR	System addon update list error Error: Failed downloading XML, status: 0, channelStatus: 2152071198, errorCode: 2, reason: error
console.error: (new Error("Polling for changes failed: NetworkError: Network request failed.", "resource://services-settings/remote-settings.sys.mjs", 324))
console.error: Region.sys.mjs: "Error fetching region" (new TypeError("NetworkError when attempting to fetch resource.", "resource://gre/modules/Region.sys.mjs", 738))
console.error: Region.sys.mjs: "Failed to fetch region" (new Error("NO_RESULT", "resource://gre/modules/Region.sys.mjs", 411))
