1714310967372	geckodriver	INFO	Listening on 127.0.0.1:51415
1714310970424	mozrunner::runner	INFO	Running command: "C:\\Program Files\\Mozilla Firefox\\firefox.exe" "--marionette" "--remote-debugging-port" "51416" "--remote-allow-hosts" "localhost" "-no-remote" "-profile" "C:\\Users\\etmom\\AppData\\Local\\Temp\\rust_mozprofiletBKast"
console.warn: services.settings: Ignoring preference override of remote settings server
console.warn: services.settings: Allow by setting MOZ_REMOTE_SETTINGS_DEVTOOLS=1 in the environment
Dynamically enable window occlusion 0
1714310971162	Marionette	INFO	Marionette enabled
1714310971329	Marionette	INFO	Listening on port 51424
Read port: 51424
WebDriver BiDi listening on ws://127.0.0.1:51416
1714310971456	RemoteAgent	WARN	TLS certificate errors will be ignored for this session
DevTools listening on ws://127.0.0.1:51416/devtools/browser/9884d5f4-8ba6-43e3-8f9e-e60c2a8c4650
console.warn: LoginRecipes: "Falling back to a synchronous message for: https://front.serverest.dev."
console.error: ({})
console.warn: LoginRecipes: "Falling back to a synchronous message for: https://front.serverest.dev."
1714311003861	addons.xpi	ERROR	System addon update list error SyntaxError: XMLHttpRequest.open: 'http://%(server)s/dummy-system-addons.xml' is not a valid URL.
1714311009017	Marionette	INFO	Stopped listening on port 51424
Dynamically enable window occlusion 1
console.error: services.settings: 
  Message: NetworkError: Network error: TypeError: NetworkError: Network request failed
  Stack:
    APIError@resource://services-settings/RemoteSettingsClient.sys.mjs:107:1
NetworkError@resource://services-settings/RemoteSettingsClient.sys.mjs:111:5
_adjustedError@resource://services-settings/RemoteSettingsClient.sys.mjs:911:14
maybeSync@resource://services-settings/RemoteSettingsClient.sys.mjs:816:38
observe@resource://gre/modules/AsyncShutdown.sys.mjs:569:17

console.error: (new NetworkError("Network error: TypeError: NetworkError: Network request failed", "resource://services-settings/RemoteSettingsClient.sys.mjs", 107))
