1714296316613	geckodriver	INFO	Listening on 127.0.0.1:57310
1714296319686	mozrunner::runner	INFO	Running command: "C:\\Program Files\\Mozilla Firefox\\firefox.exe" "--marionette" "--remote-debugging-port" "57311" "--remote-allow-hosts" "localhost" "-no-remote" "-profile" "C:\\Users\\etmom\\AppData\\Local\\Temp\\rust_mozprofileb0Oghe"
console.warn: services.settings: Ignoring preference override of remote settings server
console.warn: services.settings: Allow by setting MOZ_REMOTE_SETTINGS_DEVTOOLS=1 in the environment
Dynamically enable window occlusion 0
1714296320174	Marionette	INFO	Marionette enabled
1714296320289	Marionette	INFO	Listening on port 57318
Read port: 57318
WebDriver BiDi listening on ws://127.0.0.1:57311
1714296320385	RemoteAgent	WARN	TLS certificate errors will be ignored for this session
DevTools listening on ws://127.0.0.1:57311/devtools/browser/a6001148-9db5-4c4e-8db0-fa8a1c21401a
console.warn: LoginRecipes: "Falling back to a synchronous message for: https://front.serverest.dev."
console.error: ({})
console.warn: LoginRecipes: "Falling back to a synchronous message for: https://front.serverest.dev."
console.warn: LoginRecipes: "Falling back to a synchronous message for: https://front.serverest.dev."
1714296351194	addons.xpi	ERROR	System addon update list error SyntaxError: XMLHttpRequest.open: 'http://%(server)s/dummy-system-addons.xml' is not a valid URL.
console.error: ({})
console.error: ({})
console.error: ({})
console.error: ({})
1714297802975	Marionette	INFO	Stopped listening on port 57318
Dynamically enable window occlusion 1
